#
# There is insufficient memory for the Java Runtime Environment to continue.
# Native memory allocation (malloc) failed to allocate 1048576 bytes for AllocateHeap
# Possible reasons:
#   The system is out of physical RAM or swap space
#   In 32 bit mode, the process size limit was hit
# Possible solutions:
#   Reduce memory load on the system
#   Increase physical memory or swap space
#   Check if swap backing store is full
#   Use 64 bit Java on a 64 bit OS
#   Decrease Java heap size (-Xmx/-Xms)
#   Decrease number of Java threads
#   Decrease Java thread stack sizes (-Xss)
#   Set larger code cache with -XX:ReservedCodeCacheSize=
# This output file may be truncated or incomplete.
#
#  Out of Memory Error (memory/allocation.inline.hpp:61), pid=208, tid=4424
#
# JRE version:  (8.0_91-b14) (build )
# Java VM: Java HotSpot(TM) 64-Bit Server VM (25.91-b14 mixed mode windows-amd64 compressed oops)
# Failed to write core dump. Minidumps are not enabled by default on client versions of Windows
#

---------------  T H R E A D  ---------------

Current thread (0x0000000002462800):  JavaThread "Unknown thread" [_thread_in_vm, id=4424, stack(0x0000000002340000,0x0000000002440000)]

Stack: [0x0000000002340000,0x0000000002440000]
[error occurred during error reporting (printing stack bounds), id 0xc0000005]

Native frames: (J=compiled Java code, j=interpreted, Vv=VM code, C=native code)


---------------  P R O C E S S  ---------------

Java Threads: ( => current thread )

Other Threads:

=>0x0000000002462800 (exited) JavaThread "Unknown thread" [_thread_in_vm, id=4424, stack(0x0000000002340000,0x0000000002440000)]

VM state:not at safepoint (normal execution)

VM Mutex/Monitor currently owned by a thread: None

Heap:
 PSYoungGen      total 18944K, used 327K [0x00000000eb380000, 0x00000000ec880000, 0x0000000100000000)
  eden space 16384K, 2% used [0x00000000eb380000,0x00000000eb3d1ec8,0x00000000ec380000)
  from space 2560K, 0% used [0x00000000ec600000,0x00000000ec600000,0x00000000ec880000)
  to   space 2560K, 0% used [0x00000000ec380000,0x00000000ec380000,0x00000000ec600000)
 ParOldGen       total 44032K, used 0K [0x00000000c1a00000, 0x00000000c4500000, 0x00000000eb380000)
  object space 44032K, 0% used [0x00000000c1a00000,0x00000000c1a00000,0x00000000c4500000)
 Metaspace       used 746K, capacity 4480K, committed 4480K, reserved 1056768K
  class space    used 75K, capacity 384K, committed 384K, reserved 1048576K

Card table byte_map: [0x0000000011920000,0x0000000011b20000] byte_map_base: 0x0000000011313000

Marking Bits: (ParMarkBitMap*) 0x0000000051c72f70
 Begin Bits: [0x0000000012070000, 0x0000000013008000)
 End Bits:   [0x0000000013008000, 0x0000000013fa0000)

Polling page: 0x00000000006b0000

CodeCache: size=245760Kb used=328Kb max_used=328Kb free=245431Kb
 bounds [0x0000000002560000, 0x00000000027d0000, 0x0000000011560000]
 total_blobs=58 nmethods=0 adapters=38
 compilation: enabled

Compilation events (0 events):
No events

GC Heap History (0 events):
No events

Deoptimization events (0 events):
No events

Internal exceptions (0 events):
No events

Events (10 events):
Event: 0.164 loading class java/lang/Short
Event: 0.164 loading class java/lang/Short done
Event: 0.164 loading class java/lang/Integer
Event: 0.164 loading class java/lang/Integer done
Event: 0.164 loading class java/lang/Long
Event: 0.165 loading class java/lang/Long done
Event: 0.165 loading class java/lang/NullPointerException
Event: 0.165 loading class java/lang/NullPointerException done
Event: 0.165 loading class java/lang/ArithmeticException
Event: 0.165 loading class java/lang/ArithmeticException done


Dynamic libraries:
0x00007ff684f70000 - 0x00007ff684fa7000 	D:\Program Files\Java\jdk1.8.0_91\bin\java.exe
0x00007ffaa7a00000 - 0x00007ffaa7bad000 	C:\Windows\SYSTEM32\ntdll.dll
0x00007ffaa7400000 - 0x00007ffaa753e000 	C:\Windows\system32\KERNEL32.DLL
0x00007ffaa4c50000 - 0x00007ffaa4d65000 	C:\Windows\system32\KERNELBASE.dll
0x00007ffaa3700000 - 0x00007ffaa378e000 	C:\Windows\system32\apphelp.dll
0x00007ffa990b0000 - 0x00007ffa99103000 	C:\Windows\AppPatch\AppPatch64\AcGenral.DLL
0x00007ffaa7950000 - 0x00007ffaa79fa000 	C:\Windows\system32\msvcrt.dll
0x00007ffaa4fb0000 - 0x00007ffaa4fde000 	C:\Windows\system32\SspiCli.dll
0x00007ffaa6640000 - 0x00007ffaa6694000 	C:\Windows\system32\SHLWAPI.dll
0x00007ffaa6770000 - 0x00007ffaa68e7000 	C:\Windows\system32\USER32.dll
0x00007ffaa6d80000 - 0x00007ffaa6f14000 	C:\Windows\system32\ole32.dll
0x00007ffaa5090000 - 0x00007ffaa65b8000 	C:\Windows\system32\SHELL32.dll
0x00007ffaa4100000 - 0x00007ffaa4121000 	C:\Windows\SYSTEM32\USERENV.dll
0x00007ffaa6b80000 - 0x00007ffaa6c2a000 	C:\Windows\system32\ADVAPI32.dll
0x00007ffa98d60000 - 0x00007ffa98d7e000 	C:\Windows\SYSTEM32\MPR.dll
0x00007ffaa77b0000 - 0x00007ffaa78f0000 	C:\Windows\system32\RPCRT4.dll
0x00007ffaa6f20000 - 0x00007ffaa6f79000 	C:\Windows\SYSTEM32\sechost.dll
0x00007ffaa6fc0000 - 0x00007ffaa71d1000 	C:\Windows\SYSTEM32\combase.dll
0x00007ffaa6c30000 - 0x00007ffaa6d7f000 	C:\Windows\system32\GDI32.dll
0x00007ffaa4b30000 - 0x00007ffaa4b45000 	C:\Windows\SYSTEM32\profapi.dll
0x00007ffaa30d0000 - 0x00007ffaa3182000 	C:\Windows\SYSTEM32\SHCORE.dll
0x00007ffaa6f80000 - 0x00007ffaa6fb6000 	C:\Windows\system32\IMM32.DLL
0x00007ffaa72a0000 - 0x00007ffaa73f2000 	C:\Windows\system32\MSCTF.dll
0x00007ffaa2c30000 - 0x00007ffaa2eab000 	C:\Windows\WinSxS\amd64_microsoft.windows.common-controls_6595b64144ccf1df_6.0.9600.18006_none_623f33d3ecbe86e8\COMCTL32.dll
0x00000000520e0000 - 0x00000000521b2000 	D:\Program Files\Java\jdk1.8.0_91\jre\bin\msvcr100.dll
0x0000000051460000 - 0x0000000051cf3000 	D:\Program Files\Java\jdk1.8.0_91\jre\bin\server\jvm.dll
0x00007ffa9d9c0000 - 0x00007ffa9d9c9000 	C:\Windows\SYSTEM32\WSOCK32.dll
0x00007ffaa1d50000 - 0x00007ffaa1d72000 	C:\Windows\SYSTEM32\WINMM.dll
0x00007ffaa29b0000 - 0x00007ffaa29ba000 	C:\Windows\SYSTEM32\VERSION.dll
0x00007ffaa65c0000 - 0x00007ffaa65c7000 	C:\Windows\system32\PSAPI.DLL
0x00007ffaa7540000 - 0x00007ffaa759a000 	C:\Windows\system32\WS2_32.dll
0x00007ffaa1c00000 - 0x00007ffaa1c2a000 	C:\Windows\SYSTEM32\WINMMBASE.dll
0x00007ffaa75b0000 - 0x00007ffaa75b9000 	C:\Windows\system32\NSI.dll
0x00007ffaa4c00000 - 0x00007ffaa4c4f000 	C:\Windows\SYSTEM32\cfgmgr32.dll
0x00007ffaa3980000 - 0x00007ffaa39a8000 	C:\Windows\SYSTEM32\DEVOBJ.dll
0x0000000052d20000 - 0x0000000052d2f000 	D:\Program Files\Java\jdk1.8.0_91\jre\bin\verify.dll
0x0000000052cf0000 - 0x0000000052d19000 	D:\Program Files\Java\jdk1.8.0_91\jre\bin\java.dll
0x0000000052cd0000 - 0x0000000052ce6000 	D:\Program Files\Java\jdk1.8.0_91\jre\bin\zip.dll

VM Arguments:
jvm_args: -Djava.awt.headless=true -Dfile.encoding=GBK -Duser.country=CN -Duser.language=zh -Duser.variant 
java_command: com.android.multidex.ClassReferenceListBuilder E:\AndroidRes\Timer\app\build\intermediates\multi-dex\debug\componentClasses.jar E:\AndroidRes\Timer\app\build\intermediates\transforms\jarMerging\debug\jars\1\1f\combined.jar
java_class_path (initial): E:\AndroidProject\AndroidSDK\build-tools\24.0.2\lib\dx.jar
Launcher Type: SUN_STANDARD

Environment Variables:
JAVA_HOME=D:\Program Files\Java\jdk1.8.0_91
CLASSPATH=.;D:\Program Files\Java\jdk1.8.0_91\lib;
USERNAME=incredibly
OS=Windows_NT
PROCESSOR_IDENTIFIER=Intel64 Family 6 Model 69 Stepping 1, GenuineIntel



---------------  S Y S T E M  ---------------

OS: Windows 8.1 , 64 bit Build 9600 (6.3.9600.17415)

CPU:total 4 (2 cores per cpu, 2 threads per core) family 6 model 69 stepping 1, cmov, cx8, fxsr, mmx, sse, sse2, sse3, ssse3, sse4.1, sse4.2, popcnt, avx, avx2, clmul, erms, lzcnt, ht, tsc, tscinvbit, bmi1, bmi2

Memory: 4k page, physical 4087684k(130028k free), swap 5111684k(5468k free)

vm_info: Java HotSpot(TM) 64-Bit Server VM (25.91-b14) for windows-amd64 JRE (1.8.0_91-b14), built on Apr  1 2016 00:58:32 by "java_re" with MS VC++ 10.0 (VS2010)

time: Sun Oct 16 22:23:51 2016
elapsed time: 0 seconds (0d 0h 0m 0s)

